FILE_TYPE=LIBRARY_PARTS;
PRIMITIVE 'TMCMA0G107MTRF','TMCMA0G107MTRF_Other';
  PIN
    '+':
      PIN_NUMBER='(1)';
      NO_LOAD_CHECK=BOTH;
      NO_IO_CHECK=BOTH;
      ALLOW_CONNECT=TRUE;
      PINUSE='UNSPEC';
    '-':
      PIN_NUMBER='(2)';
      NO_LOAD_CHECK=BOTH;
      NO_IO_CHECK=BOTH;
      ALLOW_CONNECT=TRUE;
      PINUSE='UNSPEC';
  END_PIN;
  BODY
    PART_NAME='TMCMA0G107MTRF';
    PHYS_DES_PREFIX='C';
    NO_LOAD_CHECK='TRUE';
    PIN_COUNT='2';
    BODY_NAME='TMCMA0G107MTRF';
    JEDEC_TYPE='TMCMA0G107MTRF';
  END_BODY;
END_PRIMITIVE;
END.
